<?xml version="1.0" encoding="UTF-8" standalone="no"?><testsuite errors="0" failures="1" name="org.example.regression.UserCrudRegressionTest" skipped="0" tests="1" time="8.64" timestamp="2026-06-07 03:27:01"><testcase classname="org.example.regression.UserCrudRegressionTest" name="User deletion removes from system"><failure message="&#10;expected: 204&#10; but was: 400" type="org.opentest4j.AssertionFailedError">
expected: 204
 but was: 400</failure><system-err>
expected: 204
 but was: 400
org.example.steps.RegressionSteps.deleteUserReturnsNoContent(RegressionSteps.java:135)
org.example.regression.UserCrudRegressionTest.userDeletionRemovesFromSystem(UserCrudRegressionTest.java:88)
</system-err></testcase></testsuite>