<?xml version="1.0" encoding="UTF-8" standalone="no"?><testsuite errors="0" failures="1" name="org.example.regression.AdvancedRegressionTest" skipped="0" tests="1" time="0.21" timestamp="2026-05-18 11:48:16"><testcase classname="org.example.regression.AdvancedRegressionTest" name="Metrics reports valid system resources"><failure message="This test should fail as an example to check the reporting" type="java.lang.AssertionError">This test should fail as an example to check the reporting</failure><system-err>This test should fail as an example to check the reporting
org.example.steps.RegressionSteps.failTestExample(RegressionSteps.java:267)
org.example.regression.AdvancedRegressionTest.metricsReportsValidSystemResources(AdvancedRegressionTest.java:58)
</system-err></testcase></testsuite>