<?xml version="1.0" encoding="UTF-8" standalone="no"?><testsuite errors="0" failures="1" name="org.example.regression.UserCrudRegressionTest" skipped="0" tests="1" time="4.64" timestamp="2026-07-28 04:06:55"><testcase classname="org.example.regression.UserCrudRegressionTest" name="User deletion removes from system"><failure message="&#10;expected: 200&#10; but was: 400" type="org.opentest4j.AssertionFailedError">
expected: 200
 but was: 400</failure><system-err>
expected: 200
 but was: 400
org.example.steps.RegressionSteps.getUserByIdReturnsCorrectData(RegressionSteps.java:112)
org.example.regression.UserCrudRegressionTest.userDeletionRemovesFromSystem(UserCrudRegressionTest.java:84)
</system-err></testcase></testsuite>