<?xml version="1.0" encoding="UTF-8" standalone="no"?><testsuite errors="0" failures="1" name="org.example.unit.SampleTest" skipped="0" tests="1" time="0.31" timestamp="2026-07-29 03:52:21"><testcase classname="org.example.unit.SampleTest" name="Sample api test"><failure message="&#10;expected: 200&#10; but was: 502" type="org.opentest4j.AssertionFailedError">
expected: 200
 but was: 502</failure><system-err>
expected: 200
 but was: 502
org.example.steps.ApiSteps.iGetRequestToEndpoint(ApiSteps.java:74)
org.example.unit.SampleTest.sampleApiTest(SampleTest.java:22)
</system-err></testcase></testsuite>