<?xml version="1.0" encoding="UTF-8" standalone="no"?><testsuite errors="0" failures="1" name="org.example.unit.SampleTest" skipped="0" tests="1" time="60.06" timestamp="2026-08-09 02:39:43"><testcase classname="org.example.unit.SampleTest" name="Sample api test5"><failure message="&#10;expected: 200&#10; but was: 504" type="org.opentest4j.AssertionFailedError">
expected: 200
 but was: 504</failure><system-err>
expected: 200
 but was: 504
org.example.steps.ApiSteps.iGetRequestToEndpoint(ApiSteps.java:74)
org.example.unit.SampleTest.sampleApiTest5(SampleTest.java:33)
</system-err></testcase></testsuite>