<?xml version="1.0" encoding="UTF-8" standalone="no"?><testsuite errors="0" failures="1" name="org.example.regression.UserBulkOperationsRegressionTest" skipped="0" tests="1" time="0.27" timestamp="2026-05-18 11:47:57"><testcase classname="org.example.regression.UserBulkOperationsRegressionTest" name="Create three users verify and cleanup"><failure message="&#10;Expecting actual:&#10;  7&#10;to be greater than or equal to:&#10;  8&#10;" type="java.lang.AssertionError">
Expecting actual:
  7
to be greater than or equal to:
  8
</failure><system-err>
Expecting actual:
  7
to be greater than or equal to:
  8

org.example.steps.RegressionSteps.verifyUserCountIsAtLeast(RegressionSteps.java:163)
org.example.regression.UserBulkOperationsRegressionTest.createThreeUsersVerifyAndCleanup(UserBulkOperationsRegressionTest.java:45)
</system-err></testcase></testsuite>