<?xml version="1.0" encoding="UTF-8" standalone="no"?><testsuite errors="0" failures="1" name="org.example.regression.UserBulkOperationsRegressionTest" skipped="0" tests="1" time="0.16" timestamp="2026-05-18 11:54:11"><testcase classname="org.example.regression.UserBulkOperationsRegressionTest" name="User list grows with multiple creations"><failure message="&#10;Expecting actual:&#10;  5&#10;to be greater than or equal to:&#10;  6&#10;" type="java.lang.AssertionError">
Expecting actual:
  5
to be greater than or equal to:
  6
</failure><system-err>
Expecting actual:
  5
to be greater than or equal to:
  6

org.example.steps.RegressionSteps.verifyUserCountIsAtLeast(RegressionSteps.java:163)
org.example.regression.UserBulkOperationsRegressionTest.userListGrowsWithMultipleCreations(UserBulkOperationsRegressionTest.java:60)
</system-err></testcase></testsuite>