<?xml version="1.0" encoding="UTF-8" standalone="no"?><testsuite errors="0" failures="1" name="org.example.regression.UserProfileRegressionTest" skipped="0" tests="1" time="6.89" timestamp="2026-08-09 02:39:25"><testcase classname="org.example.regression.UserProfileRegressionTest" name="Create and retrieve user profile"><failure message="&#10;expected: &quot;prof-user-1&quot;&#10; but was: &quot;uid-b&quot;" type="org.opentest4j.AssertionFailedError">
expected: "prof-user-1"
 but was: "uid-b"</failure><system-err>
expected: "prof-user-1"
 but was: "uid-b"
org.example.steps.RegressionSteps.getUserByIdReturnsCorrectData(RegressionSteps.java:113)
org.example.regression.UserProfileRegressionTest.createAndRetrieveUserProfile(UserProfileRegressionTest.java:38)
</system-err></testcase></testsuite>